<?xml version="1.0" encoding="UTF-8"?>
<!-- Generated by org.testng.reporters.JUnitReportReporter -->
<testsuite hostname="DESKTOP-N0K3CCE" name="TestCases.CartPageTest" tests="1" failures="0" timestamp="9 Jan 2023 03:05:16 GMT" time="26.348" errors="0">
  <testcase name="verifyCheckoutBtnTest" time="26.348" classname="TestCases.CartPageTest"/>
</testsuite> <!-- TestCases.CartPageTest -->
