<?xml version="1.0" encoding="UTF-8"?>
<!-- Generated by org.testng.reporters.JUnitReportReporter -->
<testsuite hostname="DESKTOP-N0K3CCE" name="TestCases.CheckoutPageTest" tests="1" failures="0" timestamp="11 Jan 2023 12:36:04 GMT" time="28.807" errors="0">
  <testcase name="verifyCheckoutDataTest" time="28.807" classname="TestCases.CheckoutPageTest"/>
</testsuite> <!-- TestCases.CheckoutPageTest -->
