<?xml version="1.0" encoding="UTF-8"?>
<!-- Generated by org.testng.reporters.JUnitReportReporter -->
<testsuite hostname="DESKTOP-N0K3CCE" name="TestCases.LoginPageTest" tests="1" failures="0" timestamp="30 Dec 2022 16:34:15 GMT" time="5.872" errors="0">
  <testcase name="verifyLoginToAppTest" time="5.872" classname="TestCases.LoginPageTest"/>
</testsuite> <!-- TestCases.LoginPageTest -->
