<?xml version="1.0" encoding="UTF-8"?>
<!-- Generated by org.testng.reporters.JUnitReportReporter -->
<testsuite hostname="DESKTOP-N0K3CCE" name="TestCases.InventoryPageTest" tests="1" failures="0" timestamp="9 Jan 2023 03:02:44 GMT" time="26.552" errors="0">
  <testcase name="verifyCartLink" time="26.552" classname="TestCases.InventoryPageTest"/>
</testsuite> <!-- TestCases.InventoryPageTest -->
